[debug] [2022-03-21T04:12:31.398Z] ----------------------------------------------------------------------
[debug] [2022-03-21T04:12:31.400Z] Command:       C:\Program Files\nodejs\node.exe C:\Users\geova\AppData\Roaming\npm\node_modules\firebase-tools\lib\bin\firebase.js init
[debug] [2022-03-21T04:12:31.400Z] CLI Version:   10.4.0
[debug] [2022-03-21T04:12:31.400Z] Platform:      win32
[debug] [2022-03-21T04:12:31.400Z] Node Version:  v14.17.3
[debug] [2022-03-21T04:12:31.401Z] Time:          Sun Mar 20 2022 22:12:31 GMT-0600 (hora estándar central)
[debug] [2022-03-21T04:12:31.401Z] ----------------------------------------------------------------------
[debug] 
[debug] [2022-03-21T04:12:31.407Z] > command requires scopes: ["email","openid","https://www.googleapis.com/auth/cloudplatformprojects.readonly","https://www.googleapis.com/auth/firebase","https://www.googleapis.com/auth/cloud-platform"]
[debug] [2022-03-21T04:12:31.407Z] > authorizing via signed-in user (geovanny.alvaradod@gmail.com)
[info] 
     ######## #### ########  ######## ########     ###     ######  ########
     ##        ##  ##     ## ##       ##     ##  ##   ##  ##       ##
     ######    ##  ########  ######   ########  #########  ######  ######
     ##        ##  ##    ##  ##       ##     ## ##     ##       ## ##
     ##       #### ##     ## ######## ########  ##     ##  ######  ########

You're about to initialize a Firebase project in this directory:

  C:\Users\geova\Documents\Git\personal-web-page

[debug] [2022-03-21T04:23:34.786Z] ----------------------------------------------------------------------
[debug] [2022-03-21T04:23:34.788Z] Command:       C:\Program Files\nodejs\node.exe C:\Users\geova\AppData\Roaming\npm\node_modules\firebase-tools\lib\bin\firebase.js init
[debug] [2022-03-21T04:23:34.788Z] CLI Version:   10.4.0
[debug] [2022-03-21T04:23:34.788Z] Platform:      win32
[debug] [2022-03-21T04:23:34.788Z] Node Version:  v14.17.3
[debug] [2022-03-21T04:23:34.788Z] Time:          Sun Mar 20 2022 22:23:34 GMT-0600 (hora estándar central)
[debug] [2022-03-21T04:23:34.789Z] ----------------------------------------------------------------------
[debug] 
[debug] [2022-03-21T04:23:34.797Z] > command requires scopes: ["email","openid","https://www.googleapis.com/auth/cloudplatformprojects.readonly","https://www.googleapis.com/auth/firebase","https://www.googleapis.com/auth/cloud-platform"]
[debug] [2022-03-21T04:23:34.797Z] > authorizing via signed-in user (geovanny.alvaradod@gmail.com)
[info] 
     ######## #### ########  ######## ########     ###     ######  ########
     ##        ##  ##     ## ##       ##     ##  ##   ##  ##       ##
     ######    ##  ########  ######   ########  #########  ######  ######
     ##        ##  ##    ##  ##       ##     ## ##     ##       ## ##
     ##       #### ##     ## ######## ########  ##     ##  ######  ########

You're about to initialize a Firebase project in this directory:

  C:\Users\geova\Documents\Git\personal-web-page

